--------------------Moonraker Log Start--------------------
data_path: /home/pi/printer_data
is_default_data_path: False
config_file: /home/pi/printer_data/config/moonraker.conf
startup_warnings: []
verbose: False
debug: False
asyncio_debug: False
is_backup_config: False
log_file: /home/pi/printer_data/logs/moonraker.log
software_version: v0.7.1-783-gf7d8af6
python_version: 3.9.2 (default, Feb 28 2021, 17:03:44)  [GCC 10.2.1 20210110]

#################### Moonraker Configuration ####################

[server]
host = 0.0.0.0
port = 7125
klippy_uds_address = /home/pi/printer_data/comms/klippy.sock

[authorization]
trusted_clients = 
	10.0.0.0/8
	127.0.0.0/8
	169.254.0.0/16
	172.16.0.0/12
	192.168.0.0/16
	FE80::/10
	::1/128
cors_domains = 
	http://*.lan
	http://*.local
	https://my.mainsail.xyz
	http://my.mainsail.xyz
	https://app.fluidd.xyz
	http://app.fluidd.xyz

[octoprint_compat]

[history]

[update_manager]
channel = dev
refresh_interval = 168

[update_manager fluidd]
type = web
channel = stable
repo = fluidd-core/fluidd
path = ~/fluidd

#################################################################
All Configuration Files:
/home/pi/printer_data/config/moonraker.conf
#################################################################
Unsafe Shutdown Count: 40

System Info:

***python***
  version: sys.version_info(major=3, minor=9, micro=2, releaselevel='final', serial=0)
  version_string: 3.9.2 (default, Feb 28 2021, 17:03:44)  [GCC 10.2.1 20210110]

***cpu_info***
  cpu_count: 4
  bits: 64bit
  processor: aarch64
  cpu_desc: 
  serial_number: 9f7036c7
  hardware_desc: BCM2835
  model: Raspberry Pi 3 Model B Rev 1.2
  total_memory: 931464
  memory_units: kB

***sd_info***
  manufacturer_id: 27
  manufacturer: Unknown
  oem_id: 5048
  product_name: 5&DRP
  product_revision: 0.8
  serial_number: 0191434c
  manufacturer_date: 3/2017
  capacity: 59.7 GiB
  total_bytes: 64122519552

***distribution***
  name: Debian GNU/Linux 11 (bullseye)
  id: debian
  version: 11
  version_parts: {'major': '11', 'minor': '', 'build_number': ''}
  like: 
  codename: bullseye
  release_info: {}

***virtualization***
  virt_type: none
  virt_identifier: none

***network***

***canbus***

Systemd unit moonraker.service:
unit_name: moonraker.service
is_default: True
Properties:
**Requires=['-.mount', 'network-online.target', 'sysinit.target', 'system.slice']
**After=['network-online.target', 'systemd-journald.socket', 'sysinit.target', 'basic.target', '-.mount', 'system.slice']
**SupplementaryGroups=['moonraker-admin']
**EnvironmentFiles=/home/pi/printer_data/systemd/moonraker.env
**ExecStart=/home/pi/moonraker-env/bin/python $MOONRAKER_ARGS
**WorkingDirectory=/home/pi/moonraker
**FragmentPath=/etc/systemd/system/moonraker.service
**Description=API Server for Klipper SV1
**User=pi

Systemd unit klipper.service:
unit_name: klipper.service
is_default: True
Properties:
**Description=Klipper 3D Printer Firmware SV1
**ExecStart=/home/pi/klippy-env/bin/python $KLIPPER_ARGS
**FragmentPath=/etc/systemd/system/klipper.service
Klipper Version: v0.11.0-41-g9b60daf6
2022-12-27 00:49:01,048 [authorization.py:_prune_conn_handler()] - Trusted Connection Expired, IP: 192.168.1.7
2022-12-27 09:35:06,741 [authorization.py:_check_trusted_connection()] - Trusted Connection Detected, IP: 192.168.1.7
2022-12-27 09:35:06,909 [app.py:log_request()] - 101 GET /websocket?token=VTIF46ZXWKARYNCJTOCEHNWVNN5QKEFV (192.168.1.7) [_TRUSTED_USER_] 9.37ms
2022-12-27 09:35:06,911 [websockets.py:open()] - Websocket Opened: ID: 548119470240, Proxied: True, User Agent: Mozilla/5.0 (Windows NT 10.0; Win64; x64; rv:108.0) Gecko/20100101 Firefox/108.0, Host Name: 192.168.6.8
2022-12-27 09:35:06,952 [websockets.py:_handle_identify()] - Websocket 548119470240 Client Identified - Name: fluidd, Version: 1.22.2-ca7234d, Type: web
2022-12-27 09:35:06,955 [file_manager.py:get_file_list()] - Updating File List <config>...
2022-12-27 10:18:21,971 [websockets.py:on_close()] - Websocket Closed: ID: 548119470240 Close Code: 1001, Close Reason: None, Pong Time Elapsed: 5.05
2022-12-27 10:39:01,252 [authorization.py:_prune_conn_handler()] - Trusted Connection Expired, IP: 192.168.1.7
2022-12-27 11:06:28,590 [authorization.py:_check_trusted_connection()] - Trusted Connection Detected, IP: 192.168.1.7
2022-12-27 11:07:16,933 [shell_command.py:run_with_response()] - /home/pi/moonraker-env/bin/python: Object Processing is disabled

2022-12-27 11:07:16,934 [shell_command.py:_check_proc_success()] - Command (/home/pi/moonraker-env/bin/python /home/pi/moonraker/moonraker/components/file_manager/metadata.py -p /home/pi/printer_data/gcodes -f "miniab-sherpa-skeeter-mag-Voron 0.1-ABS.gcode") successfully finished
2022-12-27 11:07:16,961 [app.py:log_request()] - 201 POST /api/files/local (192.168.1.7) [_TRUSTED_USER_] 4809.28ms
2022-12-27 11:08:20,045 [app.py:log_request()] - 404 GET /server/database/item?namespace=webcams (192.168.1.7) [_TRUSTED_USER_] 8.72ms
2022-12-27 11:08:20,263 [app.py:log_request()] - 101 GET /websocket?token=XIQY5LYKZ3KARLNZGPRLRKO5B3FXNHHY (192.168.1.7) [_TRUSTED_USER_] 3.95ms
2022-12-27 11:08:20,264 [websockets.py:open()] - Websocket Opened: ID: 548117217824, Proxied: True, User Agent: Mozilla/5.0 (Windows NT 10.0; Win64; x64; rv:108.0) Gecko/20100101 Firefox/108.0, Host Name: 192.168.6.8
2022-12-27 11:08:20,315 [websockets.py:_handle_identify()] - Websocket 548117217824 Client Identified - Name: fluidd, Version: 1.22.2-ca7234d, Type: web
2022-12-27 11:08:20,317 [file_manager.py:get_file_list()] - Updating File List <config>...
2022-12-27 11:08:24,919 [websockets.py:on_close()] - Websocket Closed: ID: 548117217824 Close Code: 1001, Close Reason: None, Pong Time Elapsed: 4.66
--------------------Moonraker Log Start--------------------
data_path: /home/pi/printer_data
is_default_data_path: False
config_file: /home/pi/printer_data/config/moonraker.conf
startup_warnings: []
verbose: False
debug: False
asyncio_debug: False
is_backup_config: False
log_file: /home/pi/printer_data/logs/moonraker.log
software_version: v0.7.1-783-gf7d8af6
python_version: 3.9.2 (default, Feb 28 2021, 17:03:44)  [GCC 10.2.1 20210110]
2022-12-27 11:47:10,910 [utils.py:setup_logging()] - data_path: /home/pi/printer_data
2022-12-27 11:47:10,911 [utils.py:setup_logging()] - is_default_data_path: False
2022-12-27 11:47:10,911 [utils.py:setup_logging()] - config_file: /home/pi/printer_data/config/moonraker.conf
2022-12-27 11:47:10,911 [utils.py:setup_logging()] - startup_warnings: []
2022-12-27 11:47:10,911 [utils.py:setup_logging()] - verbose: False
2022-12-27 11:47:10,911 [utils.py:setup_logging()] - debug: False
2022-12-27 11:47:10,911 [utils.py:setup_logging()] - asyncio_debug: False
2022-12-27 11:47:10,911 [utils.py:setup_logging()] - is_backup_config: False
2022-12-27 11:47:10,912 [utils.py:setup_logging()] - log_file: /home/pi/printer_data/logs/moonraker.log
2022-12-27 11:47:10,912 [utils.py:setup_logging()] - software_version: v0.7.1-783-gf7d8af6
2022-12-27 11:47:10,912 [utils.py:setup_logging()] - python_version: 3.9.2 (default, Feb 28 2021, 17:03:44)  [GCC 10.2.1 20210110]
2022-12-27 11:47:10,934 [confighelper.py:read_file()] - Configuration File '/home/pi/printer_data/config/moonraker.conf' parsed, total size: 574 B
2022-12-27 11:47:10,935 [moonraker.py:add_log_rollover_item()] - 
#################### Moonraker Configuration ####################

[server]
host = 0.0.0.0
port = 7125
klippy_uds_address = /home/pi/printer_data/comms/klippy.sock

[authorization]
trusted_clients = 
	10.0.0.0/8
	127.0.0.0/8
	169.254.0.0/16
	172.16.0.0/12
	192.168.0.0/16
	FE80::/10
	::1/128
cors_domains = 
	http://*.lan
	http://*.local
	https://my.mainsail.xyz
	http://my.mainsail.xyz
	https://app.fluidd.xyz
	http://app.fluidd.xyz

[octoprint_compat]

[history]

[update_manager]
channel = dev
refresh_interval = 168

[update_manager fluidd]
type = web
channel = stable
repo = fluidd-core/fluidd
path = ~/fluidd

#################################################################
All Configuration Files:
/home/pi/printer_data/config/moonraker.conf
#################################################################
2022-12-27 11:47:11,065 [app.py:register_local_handler()] - Registering HTTP Endpoint: (GET) /server/info
2022-12-27 11:47:11,066 [websockets.py:register_api_handler()] - Registering Websocket JSON-RPC methods: server.info
2022-12-27 11:47:11,066 [app.py:register_local_handler()] - Registering HTTP Endpoint: (GET) /server/config
2022-12-27 11:47:11,067 [websockets.py:register_api_handler()] - Registering Websocket JSON-RPC methods: server.config
2022-12-27 11:47:11,067 [app.py:register_local_handler()] - Registering HTTP Endpoint: (POST) /server/restart
2022-12-27 11:47:11,068 [websockets.py:register_api_handler()] - Registering Websocket JSON-RPC methods: server.restart
2022-12-27 11:47:11,410 [moonraker.py:load_component()] - Component (dbus_manager) loaded
2022-12-27 11:47:11,512 [moonraker.py:add_log_rollover_item()] - Unsafe Shutdown Count: 41
2022-12-27 11:47:12,770 [app.py:register_local_handler()] - Registering HTTP Endpoint: (GET) /server/database/list
2022-12-27 11:47:12,771 [websockets.py:register_api_handler()] - Registering Websocket JSON-RPC methods: server.database.list
2022-12-27 11:47:12,772 [app.py:register_local_handler()] - Registering HTTP Endpoint: (GET POST DELETE) /server/database/item
2022-12-27 11:47:12,773 [websockets.py:register_api_handler()] - Registering Websocket JSON-RPC methods: server.database.get_item, server.database.post_item, server.database.delete_item
2022-12-27 11:47:12,773 [moonraker.py:load_component()] - Component (database) loaded
2022-12-27 11:47:12,900 [app.py:register_local_handler()] - Registering HTTP Endpoint: (GET) /server/files/list
2022-12-27 11:47:12,902 [websockets.py:register_api_handler()] - Registering Websocket JSON-RPC methods: server.files.list
2022-12-27 11:47:12,902 [app.py:register_local_handler()] - Registering HTTP Endpoint: (GET) /server/files/metadata
2022-12-27 11:47:12,903 [websockets.py:register_api_handler()] - Registering Websocket JSON-RPC methods: server.files.metadata
2022-12-27 11:47:12,904 [app.py:register_local_handler()] - Registering HTTP Endpoint: (GET) /server/files/roots
2022-12-27 11:47:12,905 [websockets.py:register_api_handler()] - Registering Websocket JSON-RPC methods: server.files.roots
2022-12-27 11:47:12,905 [app.py:register_local_handler()] - Registering HTTP Endpoint: (GET POST DELETE) /server/files/directory
2022-12-27 11:47:12,906 [websockets.py:register_api_handler()] - Registering Websocket JSON-RPC methods: server.files.get_directory, server.files.post_directory, server.files.delete_directory
2022-12-27 11:47:12,907 [app.py:register_local_handler()] - Registering HTTP Endpoint: (POST) /server/files/move
2022-12-27 11:47:12,908 [websockets.py:register_api_handler()] - Registering Websocket JSON-RPC methods: server.files.move
2022-12-27 11:47:12,908 [app.py:register_local_handler()] - Registering HTTP Endpoint: (POST) /server/files/copy
2022-12-27 11:47:12,909 [websockets.py:register_api_handler()] - Registering Websocket JSON-RPC methods: server.files.copy
2022-12-27 11:47:12,909 [websockets.py:register_api_handler()] - Registering Websocket JSON-RPC methods: server.files.delete_file
2022-12-27 11:47:12,925 [moonraker.py:load_component()] - Component (file_manager) loaded
2022-12-27 11:47:12,931 [app.py:register_local_handler()] - Registering HTTP Endpoint: (POST) /printer/print/pause
2022-12-27 11:47:12,933 [websockets.py:register_api_handler()] - Registering Websocket JSON-RPC methods: printer.print.pause
2022-12-27 11:47:12,933 [app.py:register_local_handler()] - Registering HTTP Endpoint: (POST) /printer/print/resume
2022-12-27 11:47:12,934 [websockets.py:register_api_handler()] - Registering Websocket JSON-RPC methods: printer.print.resume
2022-12-27 11:47:12,934 [app.py:register_local_handler()] - Registering HTTP Endpoint: (POST) /printer/print/cancel
2022-12-27 11:47:12,935 [websockets.py:register_api_handler()] - Registering Websocket JSON-RPC methods: printer.print.cancel
2022-12-27 11:47:12,935 [app.py:register_local_handler()] - Registering HTTP Endpoint: (POST) /printer/print/start
2022-12-27 11:47:12,936 [websockets.py:register_api_handler()] - Registering Websocket JSON-RPC methods: printer.print.start
2022-12-27 11:47:12,937 [app.py:register_local_handler()] - Registering HTTP Endpoint: (POST) /printer/restart
2022-12-27 11:47:12,938 [websockets.py:register_api_handler()] - Registering Websocket JSON-RPC methods: printer.restart
2022-12-27 11:47:12,938 [app.py:register_local_handler()] - Registering HTTP Endpoint: (POST) /printer/firmware_restart
2022-12-27 11:47:12,939 [websockets.py:register_api_handler()] - Registering Websocket JSON-RPC methods: printer.firmware_restart
2022-12-27 11:47:12,940 [moonraker.py:load_component()] - Component (klippy_apis) loaded
2022-12-27 11:47:13,392 [moonraker.py:load_component()] - Component (secrets) loaded
2022-12-27 11:47:13,411 [moonraker.py:load_component()] - Component (template) loaded
2022-12-27 11:47:13,532 [moonraker.py:add_log_rollover_item()] - 
System Info:

***python***
  version: sys.version_info(major=3, minor=9, micro=2, releaselevel='final', serial=0)
  version_string: 3.9.2 (default, Feb 28 2021, 17:03:44)  [GCC 10.2.1 20210110]

***cpu_info***
  cpu_count: 4
  bits: 64bit
  processor: aarch64
  cpu_desc: 
  serial_number: 9f7036c7
  hardware_desc: BCM2835
  model: Raspberry Pi 3 Model B Rev 1.2
  total_memory: 931464
  memory_units: kB

***sd_info***
  manufacturer_id: 27
  manufacturer: Unknown
  oem_id: 5048
  product_name: 5&DRP
  product_revision: 0.8
  serial_number: 0191434c
  manufacturer_date: 3/2017
  capacity: 59.7 GiB
  total_bytes: 64122519552

***distribution***
  name: Debian GNU/Linux 11 (bullseye)
  id: debian
  version: 11
  version_parts: {'major': '11', 'minor': '', 'build_number': ''}
  like: 
  codename: bullseye
  release_info: {}

***virtualization***
  virt_type: none
  virt_identifier: none

***network***

***canbus***
2022-12-27 11:47:13,539 [moonraker.py:load_component()] - Component (shell_command) loaded
2022-12-27 11:47:13,540 [machine.py:__init__()] - Using System Provider: systemd_dbus
2022-12-27 11:47:13,541 [app.py:register_local_handler()] - Registering HTTP Endpoint: (POST) /machine/reboot
2022-12-27 11:47:13,542 [websockets.py:register_api_handler()] - Registering Websocket JSON-RPC methods: machine.reboot
2022-12-27 11:47:13,543 [app.py:register_local_handler()] - Registering HTTP Endpoint: (POST) /machine/shutdown
2022-12-27 11:47:13,544 [websockets.py:register_api_handler()] - Registering Websocket JSON-RPC methods: machine.shutdown
2022-12-27 11:47:13,544 [app.py:register_local_handler()] - Registering HTTP Endpoint: (POST) /machine/services/restart
2022-12-27 11:47:13,549 [websockets.py:register_api_handler()] - Registering Websocket JSON-RPC methods: machine.services.restart
2022-12-27 11:47:13,549 [app.py:register_local_handler()] - Registering HTTP Endpoint: (POST) /machine/services/stop
2022-12-27 11:47:13,550 [websockets.py:register_api_handler()] - Registering Websocket JSON-RPC methods: machine.services.stop
2022-12-27 11:47:13,551 [app.py:register_local_handler()] - Registering HTTP Endpoint: (POST) /machine/services/start
2022-12-27 11:47:13,552 [websockets.py:register_api_handler()] - Registering Websocket JSON-RPC methods: machine.services.start
2022-12-27 11:47:13,553 [app.py:register_local_handler()] - Registering HTTP Endpoint: (GET) /machine/system_info
2022-12-27 11:47:13,554 [websockets.py:register_api_handler()] - Registering Websocket JSON-RPC methods: machine.system_info
2022-12-27 11:47:13,554 [app.py:register_local_handler()] - Registering HTTP Endpoint: (GET) /machine/sudo/info
2022-12-27 11:47:13,555 [websockets.py:register_api_handler()] - Registering Websocket JSON-RPC methods: machine.sudo.info
2022-12-27 11:47:13,555 [app.py:register_local_handler()] - Registering HTTP Endpoint: (POST) /machine/sudo/password
2022-12-27 11:47:13,556 [websockets.py:register_api_handler()] - Registering Websocket JSON-RPC methods: machine.sudo.password
2022-12-27 11:47:13,558 [moonraker.py:load_component()] - Component (machine) loaded
2022-12-27 11:47:13,563 [app.py:register_local_handler()] - Registering HTTP Endpoint: (GET) /server/temperature_store
2022-12-27 11:47:13,564 [websockets.py:register_api_handler()] - Registering Websocket JSON-RPC methods: server.temperature_store
2022-12-27 11:47:13,565 [app.py:register_local_handler()] - Registering HTTP Endpoint: (GET) /server/gcode_store
2022-12-27 11:47:13,566 [websockets.py:register_api_handler()] - Registering Websocket JSON-RPC methods: server.gcode_store
2022-12-27 11:47:13,566 [moonraker.py:load_component()] - Component (data_store) loaded
2022-12-27 11:47:13,572 [proc_stats.py:__init__()] - Detected 'vcgencmd', throttle checking enabled
2022-12-27 11:47:13,573 [app.py:register_local_handler()] - Registering HTTP Endpoint: (GET) /machine/proc_stats
2022-12-27 11:47:13,574 [websockets.py:register_api_handler()] - Registering Websocket JSON-RPC methods: machine.proc_stats
2022-12-27 11:47:13,574 [moonraker.py:load_component()] - Component (proc_stats) loaded
2022-12-27 11:47:13,579 [moonraker.py:load_component()] - Component (job_state) loaded
2022-12-27 11:47:13,585 [app.py:register_local_handler()] - Registering HTTP Endpoint: (POST DELETE) /server/job_queue/job
2022-12-27 11:47:13,586 [websockets.py:register_api_handler()] - Registering Websocket JSON-RPC methods: server.job_queue.post_job, server.job_queue.delete_job
2022-12-27 11:47:13,586 [app.py:register_local_handler()] - Registering HTTP Endpoint: (POST) /server/job_queue/pause
2022-12-27 11:47:13,587 [websockets.py:register_api_handler()] - Registering Websocket JSON-RPC methods: server.job_queue.pause
2022-12-27 11:47:13,587 [app.py:register_local_handler()] - Registering HTTP Endpoint: (POST) /server/job_queue/start
2022-12-27 11:47:13,588 [websockets.py:register_api_handler()] - Registering Websocket JSON-RPC methods: server.job_queue.start
2022-12-27 11:47:13,588 [app.py:register_local_handler()] - Registering HTTP Endpoint: (GET) /server/job_queue/status
2022-12-27 11:47:13,590 [websockets.py:register_api_handler()] - Registering Websocket JSON-RPC methods: server.job_queue.status
2022-12-27 11:47:13,590 [app.py:register_local_handler()] - Registering HTTP Endpoint: (POST) /server/job_queue/jump
2022-12-27 11:47:13,591 [websockets.py:register_api_handler()] - Registering Websocket JSON-RPC methods: server.job_queue.jump
2022-12-27 11:47:13,592 [moonraker.py:load_component()] - Component (job_queue) loaded
2022-12-27 11:47:13,610 [moonraker.py:load_component()] - Component (http_client) loaded
2022-12-27 11:47:13,617 [app.py:register_local_handler()] - Registering HTTP Endpoint: (GET) /server/announcements/list
2022-12-27 11:47:13,618 [websockets.py:register_api_handler()] - Registering Websocket JSON-RPC methods: server.announcements.list
2022-12-27 11:47:13,619 [app.py:register_local_handler()] - Registering HTTP Endpoint: (POST) /server/announcements/dismiss
2022-12-27 11:47:13,620 [websockets.py:register_api_handler()] - Registering Websocket JSON-RPC methods: server.announcements.dismiss
2022-12-27 11:47:13,620 [app.py:register_local_handler()] - Registering HTTP Endpoint: (POST) /server/announcements/update
2022-12-27 11:47:13,621 [websockets.py:register_api_handler()] - Registering Websocket JSON-RPC methods: server.announcements.update
2022-12-27 11:47:13,621 [app.py:register_local_handler()] - Registering HTTP Endpoint: (POST DELETE) /server/announcements/feed
2022-12-27 11:47:13,622 [websockets.py:register_api_handler()] - Registering Websocket JSON-RPC methods: server.announcements.post_feed, server.announcements.delete_feed
2022-12-27 11:47:13,622 [app.py:register_local_handler()] - Registering HTTP Endpoint: (GET) /server/announcements/feeds
2022-12-27 11:47:13,623 [websockets.py:register_api_handler()] - Registering Websocket JSON-RPC methods: server.announcements.feeds
2022-12-27 11:47:13,623 [moonraker.py:load_component()] - Component (announcements) loaded
2022-12-27 11:47:13,640 [app.py:register_local_handler()] - Registering HTTP Endpoint: (GET) /server/webcams/list
2022-12-27 11:47:13,641 [websockets.py:register_api_handler()] - Registering Websocket JSON-RPC methods: server.webcams.list
2022-12-27 11:47:13,641 [app.py:register_local_handler()] - Registering HTTP Endpoint: (GET POST DELETE) /server/webcams/item
2022-12-27 11:47:13,642 [websockets.py:register_api_handler()] - Registering Websocket JSON-RPC methods: server.webcams.get_item, server.webcams.post_item, server.webcams.delete_item
2022-12-27 11:47:13,642 [app.py:register_local_handler()] - Registering HTTP Endpoint: (POST) /server/webcams/test
2022-12-27 11:47:13,643 [websockets.py:register_api_handler()] - Registering Websocket JSON-RPC methods: server.webcams.test
2022-12-27 11:47:13,643 [moonraker.py:load_component()] - Component (webcam) loaded
2022-12-27 11:47:13,649 [websockets.py:register_api_handler()] - Registering Websocket JSON-RPC methods: connection.send_event
2022-12-27 11:47:13,650 [app.py:register_local_handler()] - Registering HTTP Endpoint: (GET) /server/extensions/list
2022-12-27 11:47:13,651 [websockets.py:register_api_handler()] - Registering Websocket JSON-RPC methods: server.extensions.list
2022-12-27 11:47:13,651 [app.py:register_local_handler()] - Registering HTTP Endpoint: (POST) /server/extensions/request
2022-12-27 11:47:13,652 [websockets.py:register_api_handler()] - Registering Websocket JSON-RPC methods: server.extensions.request
2022-12-27 11:47:13,652 [moonraker.py:load_component()] - Component (extensions) loaded
2022-12-27 11:47:13,701 [authorization.py:__init__()] - Authorization Configuration Loaded
Trusted Clients:
10.0.0.0/8
127.0.0.0/8
169.254.0.0/16
172.16.0.0/12
192.168.0.0/16
fe80::/10
::1/128
CORS Domains:
http://.*\.lan
http://.*\.local
https://my\.mainsail\.xyz
http://my\.mainsail\.xyz
https://app\.fluidd\.xyz
http://app\.fluidd\.xyz
2022-12-27 11:47:13,702 [app.py:register_local_handler()] - Registering HTTP Endpoint: (POST) /access/login
2022-12-27 11:47:13,703 [app.py:register_local_handler()] - Registering HTTP Endpoint: (POST) /access/logout
2022-12-27 11:47:13,704 [app.py:register_local_handler()] - Registering HTTP Endpoint: (POST) /access/refresh_jwt
2022-12-27 11:47:13,705 [app.py:register_local_handler()] - Registering HTTP Endpoint: (GET POST DELETE) /access/user
2022-12-27 11:47:13,706 [app.py:register_local_handler()] - Registering HTTP Endpoint: (GET) /access/users/list
2022-12-27 11:47:13,707 [app.py:register_local_handler()] - Registering HTTP Endpoint: (POST) /access/user/password
2022-12-27 11:47:13,708 [app.py:register_local_handler()] - Registering HTTP Endpoint: (GET POST) /access/api_key
2022-12-27 11:47:13,709 [app.py:register_local_handler()] - Registering HTTP Endpoint: (GET) /access/oneshot_token
2022-12-27 11:47:13,710 [app.py:register_local_handler()] - Registering HTTP Endpoint: (GET) /access/info
2022-12-27 11:47:13,711 [moonraker.py:load_component()] - Component (authorization) loaded
2022-12-27 11:47:13,719 [app.py:register_local_handler()] - Registering HTTP Endpoint: (GET) /api/version
2022-12-27 11:47:13,720 [app.py:register_local_handler()] - Registering HTTP Endpoint: (GET) /api/server
2022-12-27 11:47:13,722 [app.py:register_local_handler()] - Registering HTTP Endpoint: (POST) /api/login
2022-12-27 11:47:13,724 [app.py:register_local_handler()] - Registering HTTP Endpoint: (GET) /api/currentuser
2022-12-27 11:47:13,725 [app.py:register_local_handler()] - Registering HTTP Endpoint: (GET) /api/settings
2022-12-27 11:47:13,726 [app.py:register_local_handler()] - Registering HTTP Endpoint: (GET) /api/job
2022-12-27 11:47:13,727 [app.py:register_local_handler()] - Registering HTTP Endpoint: (GET) /api/printer
2022-12-27 11:47:13,728 [app.py:register_local_handler()] - Registering HTTP Endpoint: (POST) /api/printer/command
2022-12-27 11:47:13,729 [app.py:register_local_handler()] - Registering HTTP Endpoint: (GET) /api/printerprofiles
2022-12-27 11:47:13,731 [app.py:register_local_handler()] - Registering HTTP Endpoint: (POST) /api/files/moonraker/(?P<relative_path>.+)
2022-12-27 11:47:13,732 [moonraker.py:load_component()] - Component (octoprint_compat) loaded
2022-12-27 11:47:13,741 [app.py:register_local_handler()] - Registering HTTP Endpoint: (GET DELETE) /server/history/job
2022-12-27 11:47:13,743 [websockets.py:register_api_handler()] - Registering Websocket JSON-RPC methods: server.history.get_job, server.history.delete_job
2022-12-27 11:47:13,743 [app.py:register_local_handler()] - Registering HTTP Endpoint: (GET) /server/history/list
2022-12-27 11:47:13,744 [websockets.py:register_api_handler()] - Registering Websocket JSON-RPC methods: server.history.list
2022-12-27 11:47:13,744 [app.py:register_local_handler()] - Registering HTTP Endpoint: (GET) /server/history/totals
2022-12-27 11:47:13,745 [websockets.py:register_api_handler()] - Registering Websocket JSON-RPC methods: server.history.totals
2022-12-27 11:47:13,746 [app.py:register_local_handler()] - Registering HTTP Endpoint: (POST) /server/history/reset_totals
2022-12-27 11:47:13,747 [websockets.py:register_api_handler()] - Registering Websocket JSON-RPC methods: server.history.reset_totals
2022-12-27 11:47:13,749 [moonraker.py:load_component()] - Component (history) loaded
2022-12-27 11:47:13,859 [app.py:register_local_handler()] - Registering HTTP Endpoint: (POST) /machine/update/moonraker
2022-12-27 11:47:13,861 [websockets.py:register_api_handler()] - Registering Websocket JSON-RPC methods: machine.update.moonraker
2022-12-27 11:47:13,861 [app.py:register_local_handler()] - Registering HTTP Endpoint: (POST) /machine/update/klipper
2022-12-27 11:47:13,862 [websockets.py:register_api_handler()] - Registering Websocket JSON-RPC methods: machine.update.klipper
2022-12-27 11:47:13,862 [app.py:register_local_handler()] - Registering HTTP Endpoint: (POST) /machine/update/system
2022-12-27 11:47:13,863 [websockets.py:register_api_handler()] - Registering Websocket JSON-RPC methods: machine.update.system
2022-12-27 11:47:13,863 [app.py:register_local_handler()] - Registering HTTP Endpoint: (POST) /machine/update/client
2022-12-27 11:47:13,864 [websockets.py:register_api_handler()] - Registering Websocket JSON-RPC methods: machine.update.client
2022-12-27 11:47:13,864 [app.py:register_local_handler()] - Registering HTTP Endpoint: (POST) /machine/update/full
2022-12-27 11:47:13,864 [websockets.py:register_api_handler()] - Registering Websocket JSON-RPC methods: machine.update.full
2022-12-27 11:47:13,865 [app.py:register_local_handler()] - Registering HTTP Endpoint: (GET) /machine/update/status
2022-12-27 11:47:13,866 [websockets.py:register_api_handler()] - Registering Websocket JSON-RPC methods: machine.update.status
2022-12-27 11:47:13,866 [app.py:register_local_handler()] - Registering HTTP Endpoint: (POST) /machine/update/recover
2022-12-27 11:47:13,867 [websockets.py:register_api_handler()] - Registering Websocket JSON-RPC methods: machine.update.recover
2022-12-27 11:47:13,867 [moonraker.py:load_component()] - Component (update_manager) loaded
2022-12-27 11:47:13,886 [moonraker.py:_initialize_component()] - Performing Component Post Init: [dbus_manager]
2022-12-27 11:47:13,915 [moonraker.py:_initialize_component()] - Performing Component Post Init: [file_manager]
2022-12-27 11:47:13,944 [moonraker.py:_initialize_component()] - Performing Component Post Init: [machine]
2022-12-27 11:47:13,945 [machine.py:validation_init()] - Installation version in database up to date
2022-12-27 11:47:14,335 [machine.py:check_virt_status()] - No Virtualization Detected
2022-12-27 11:47:14,357 [machine.py:_find_public_ip()] - Detected Local IP: 192.168.6.8
2022-12-27 11:47:14,362 [webcam.py:_set_default_host_ip()] - Default public webcam address set: http://192.168.6.8
2022-12-27 11:47:14,570 [moonraker.py:add_log_rollover_item()] - 
Systemd unit moonraker.service:
unit_name: moonraker.service
is_default: True
Properties:
**Requires=['network-online.target', '-.mount', 'system.slice', 'sysinit.target']
**After=['basic.target', 'systemd-journald.socket', 'sysinit.target', '-.mount', 'system.slice', 'network-online.target']
**SupplementaryGroups=['moonraker-admin']
**EnvironmentFiles=/home/pi/printer_data/systemd/moonraker.env
**ExecStart=/home/pi/moonraker-env/bin/python $MOONRAKER_ARGS
**WorkingDirectory=/home/pi/moonraker
**FragmentPath=/etc/systemd/system/moonraker.service
**Description=API Server for Klipper SV1
**User=pi
2022-12-27 11:47:14,570 [moonraker.py:_initialize_component()] - Performing Component Post Init: [proc_stats]
2022-12-27 11:47:14,571 [moonraker.py:_initialize_component()] - Performing Component Post Init: [announcements]
2022-12-27 11:47:14,574 [moonraker.py:_initialize_component()] - Performing Component Post Init: [webcam]
2022-12-27 11:47:14,574 [webcam.py:_set_default_host_ip()] - Default public webcam address set: http://192.168.6.8
2022-12-27 11:47:14,575 [moonraker.py:_initialize_component()] - Performing Component Post Init: [authorization]
2022-12-27 11:47:14,576 [moonraker.py:_initialize_component()] - Performing Component Post Init: [update_manager]
2022-12-27 11:47:15,478 [update_manager.py:initialize()] - PackageDeploy: Using PackageKit Provider
2022-12-27 11:47:15,481 [update_manager.py:initialize()] - 
Initializing Client Updater: 'fluidd',
Channel: stable
path: /home/pi/fluidd
2022-12-27 11:47:15,487 [extensions.py:start_unix_server()] - Creating Unix Domain Socket at '/home/pi/printer_data/comms/moonraker.sock'
2022-12-27 11:47:15,489 [moonraker.py:start_server()] - Starting Moonraker on (0.0.0.0, 7125), Hostname: voron
2022-12-27 11:47:15,492 [app.py:listen()] - SSL Certificate/Key not configured, aborting HTTPS Server startup
2022-12-27 11:47:15,746 [klippy_connection.py:_do_connect()] - Klippy Connection Established
2022-12-27 11:47:15,833 [moonraker.py:add_log_rollover_item()] - 
Systemd unit klipper.service:
unit_name: klipper.service
is_default: True
Properties:
**Description=Klipper 3D Printer Firmware SV1
**ExecStart=/home/pi/klippy-env/bin/python $KLIPPER_ARGS
**FragmentPath=/etc/systemd/system/klipper.service
2022-12-27 11:47:16,088 [klippy_connection.py:_init_klippy_connection()] - Webhooks Subscribed
2022-12-27 11:47:16,091 [klippy_connection.py:_init_klippy_connection()] - GCode Output Subscribed
2022-12-27 11:47:16,095 [moonraker.py:add_log_rollover_item()] - Klipper Version: v0.11.0-41-g9b60daf6
2022-12-27 12:17:31,765 [machine.py:_find_public_ip()] - Failed to detect local IP address
2022-12-27 12:17:31,767 [webcam.py:_set_default_host_ip()] - Default public webcam address set: http://127.0.0.1
2022-12-27 12:17:41,776 [machine.py:_find_public_ip()] - Detected Local IP: 192.168.6.8
2022-12-27 12:17:41,778 [webcam.py:_set_default_host_ip()] - Default public webcam address set: http://192.168.6.8
--------------------Moonraker Log Start--------------------
data_path: /home/pi/printer_data
is_default_data_path: False
config_file: /home/pi/printer_data/config/moonraker.conf
startup_warnings: []
verbose: False
debug: False
asyncio_debug: False
is_backup_config: False
log_file: /home/pi/printer_data/logs/moonraker.log
software_version: v0.7.1-783-gf7d8af6
python_version: 3.9.2 (default, Feb 28 2021, 17:03:44)  [GCC 10.2.1 20210110]
2022-12-27 12:18:18,306 [utils.py:setup_logging()] - data_path: /home/pi/printer_data
2022-12-27 12:18:18,307 [utils.py:setup_logging()] - is_default_data_path: False
2022-12-27 12:18:18,307 [utils.py:setup_logging()] - config_file: /home/pi/printer_data/config/moonraker.conf
2022-12-27 12:18:18,307 [utils.py:setup_logging()] - startup_warnings: []
2022-12-27 12:18:18,307 [utils.py:setup_logging()] - verbose: False
2022-12-27 12:18:18,307 [utils.py:setup_logging()] - debug: False
2022-12-27 12:18:18,308 [utils.py:setup_logging()] - asyncio_debug: False
2022-12-27 12:18:18,308 [utils.py:setup_logging()] - is_backup_config: False
2022-12-27 12:18:18,308 [utils.py:setup_logging()] - log_file: /home/pi/printer_data/logs/moonraker.log
2022-12-27 12:18:18,308 [utils.py:setup_logging()] - software_version: v0.7.1-783-gf7d8af6
2022-12-27 12:18:18,308 [utils.py:setup_logging()] - python_version: 3.9.2 (default, Feb 28 2021, 17:03:44)  [GCC 10.2.1 20210110]
2022-12-27 12:18:18,330 [confighelper.py:read_file()] - Configuration File '/home/pi/printer_data/config/moonraker.conf' parsed, total size: 574 B
2022-12-27 12:18:18,331 [moonraker.py:add_log_rollover_item()] - 
#################### Moonraker Configuration ####################

[server]
host = 0.0.0.0
port = 7125
klippy_uds_address = /home/pi/printer_data/comms/klippy.sock

[authorization]
trusted_clients = 
	10.0.0.0/8
	127.0.0.0/8
	169.254.0.0/16
	172.16.0.0/12
	192.168.0.0/16
	FE80::/10
	::1/128
cors_domains = 
	http://*.lan
	http://*.local
	https://my.mainsail.xyz
	http://my.mainsail.xyz
	https://app.fluidd.xyz
	http://app.fluidd.xyz

[octoprint_compat]

[history]

[update_manager]
channel = dev
refresh_interval = 168

[update_manager fluidd]
type = web
channel = stable
repo = fluidd-core/fluidd
path = ~/fluidd

#################################################################
All Configuration Files:
/home/pi/printer_data/config/moonraker.conf
#################################################################
2022-12-27 12:18:18,451 [app.py:register_local_handler()] - Registering HTTP Endpoint: (GET) /server/info
2022-12-27 12:18:18,452 [websockets.py:register_api_handler()] - Registering Websocket JSON-RPC methods: server.info
2022-12-27 12:18:18,452 [app.py:register_local_handler()] - Registering HTTP Endpoint: (GET) /server/config
2022-12-27 12:18:18,453 [websockets.py:register_api_handler()] - Registering Websocket JSON-RPC methods: server.config
2022-12-27 12:18:18,454 [app.py:register_local_handler()] - Registering HTTP Endpoint: (POST) /server/restart
2022-12-27 12:18:18,454 [websockets.py:register_api_handler()] - Registering Websocket JSON-RPC methods: server.restart
2022-12-27 12:18:18,616 [moonraker.py:load_component()] - Component (dbus_manager) loaded
2022-12-27 12:18:18,684 [moonraker.py:add_log_rollover_item()] - Unsafe Shutdown Count: 42
2022-12-27 12:18:18,774 [app.py:register_local_handler()] - Registering HTTP Endpoint: (GET) /server/database/list
2022-12-27 12:18:18,775 [websockets.py:register_api_handler()] - Registering Websocket JSON-RPC methods: server.database.list
2022-12-27 12:18:18,775 [app.py:register_local_handler()] - Registering HTTP Endpoint: (GET POST DELETE) /server/database/item
2022-12-27 12:18:18,776 [websockets.py:register_api_handler()] - Registering Websocket JSON-RPC methods: server.database.get_item, server.database.post_item, server.database.delete_item
2022-12-27 12:18:18,776 [moonraker.py:load_component()] - Component (database) loaded
2022-12-27 12:18:18,908 [app.py:register_local_handler()] - Registering HTTP Endpoint: (GET) /server/files/list
2022-12-27 12:18:18,910 [websockets.py:register_api_handler()] - Registering Websocket JSON-RPC methods: server.files.list
2022-12-27 12:18:18,910 [app.py:register_local_handler()] - Registering HTTP Endpoint: (GET) /server/files/metadata
2022-12-27 12:18:18,911 [websockets.py:register_api_handler()] - Registering Websocket JSON-RPC methods: server.files.metadata
2022-12-27 12:18:18,911 [app.py:register_local_handler()] - Registering HTTP Endpoint: (GET) /server/files/roots
2022-12-27 12:18:18,912 [websockets.py:register_api_handler()] - Registering Websocket JSON-RPC methods: server.files.roots
2022-12-27 12:18:18,912 [app.py:register_local_handler()] - Registering HTTP Endpoint: (GET POST DELETE) /server/files/directory
2022-12-27 12:18:18,913 [websockets.py:register_api_handler()] - Registering Websocket JSON-RPC methods: server.files.get_directory, server.files.post_directory, server.files.delete_directory
2022-12-27 12:18:18,914 [app.py:register_local_handler()] - Registering HTTP Endpoint: (POST) /server/files/move
2022-12-27 12:18:18,915 [websockets.py:register_api_handler()] - Registering Websocket JSON-RPC methods: server.files.move
2022-12-27 12:18:18,915 [app.py:register_local_handler()] - Registering HTTP Endpoint: (POST) /server/files/copy
2022-12-27 12:18:18,916 [websockets.py:register_api_handler()] - Registering Websocket JSON-RPC methods: server.files.copy
2022-12-27 12:18:18,916 [websockets.py:register_api_handler()] - Registering Websocket JSON-RPC methods: server.files.delete_file
2022-12-27 12:18:18,932 [moonraker.py:load_component()] - Component (file_manager) loaded
2022-12-27 12:18:18,938 [app.py:register_local_handler()] - Registering HTTP Endpoint: (POST) /printer/print/pause
2022-12-27 12:18:18,939 [websockets.py:register_api_handler()] - Registering Websocket JSON-RPC methods: printer.print.pause
2022-12-27 12:18:18,939 [app.py:register_local_handler()] - Registering HTTP Endpoint: (POST) /printer/print/resume
2022-12-27 12:18:18,940 [websockets.py:register_api_handler()] - Registering Websocket JSON-RPC methods: printer.print.resume
2022-12-27 12:18:18,940 [app.py:register_local_handler()] - Registering HTTP Endpoint: (POST) /printer/print/cancel
2022-12-27 12:18:18,941 [websockets.py:register_api_handler()] - Registering Websocket JSON-RPC methods: printer.print.cancel
2022-12-27 12:18:18,942 [app.py:register_local_handler()] - Registering HTTP Endpoint: (POST) /printer/print/start
2022-12-27 12:18:18,942 [websockets.py:register_api_handler()] - Registering Websocket JSON-RPC methods: printer.print.start
2022-12-27 12:18:18,943 [app.py:register_local_handler()] - Registering HTTP Endpoint: (POST) /printer/restart
2022-12-27 12:18:18,944 [websockets.py:register_api_handler()] - Registering Websocket JSON-RPC methods: printer.restart
2022-12-27 12:18:18,944 [app.py:register_local_handler()] - Registering HTTP Endpoint: (POST) /printer/firmware_restart
2022-12-27 12:18:18,945 [websockets.py:register_api_handler()] - Registering Websocket JSON-RPC methods: printer.firmware_restart
2022-12-27 12:18:18,946 [moonraker.py:load_component()] - Component (klippy_apis) loaded
2022-12-27 12:18:19,379 [moonraker.py:load_component()] - Component (secrets) loaded
2022-12-27 12:18:19,400 [moonraker.py:load_component()] - Component (template) loaded
2022-12-27 12:18:19,526 [moonraker.py:add_log_rollover_item()] - 
System Info:

***python***
  version: sys.version_info(major=3, minor=9, micro=2, releaselevel='final', serial=0)
  version_string: 3.9.2 (default, Feb 28 2021, 17:03:44)  [GCC 10.2.1 20210110]

***cpu_info***
  cpu_count: 4
  bits: 64bit
  processor: aarch64
  cpu_desc: 
  serial_number: 9f7036c7
  hardware_desc: BCM2835
  model: Raspberry Pi 3 Model B Rev 1.2
  total_memory: 931464
  memory_units: kB

***sd_info***
  manufacturer_id: 27
  manufacturer: Unknown
  oem_id: 5048
  product_name: 5&DRP
  product_revision: 0.8
  serial_number: 0191434c
  manufacturer_date: 3/2017
  capacity: 59.7 GiB
  total_bytes: 64122519552

***distribution***
  name: Debian GNU/Linux 11 (bullseye)
  id: debian
  version: 11
  version_parts: {'major': '11', 'minor': '', 'build_number': ''}
  like: 
  codename: bullseye
  release_info: {}

***virtualization***
  virt_type: none
  virt_identifier: none

***network***

***canbus***
2022-12-27 12:18:19,533 [moonraker.py:load_component()] - Component (shell_command) loaded
2022-12-27 12:18:19,533 [machine.py:__init__()] - Using System Provider: systemd_dbus
2022-12-27 12:18:19,535 [app.py:register_local_handler()] - Registering HTTP Endpoint: (POST) /machine/reboot
2022-12-27 12:18:19,536 [websockets.py:register_api_handler()] - Registering Websocket JSON-RPC methods: machine.reboot
2022-12-27 12:18:19,537 [app.py:register_local_handler()] - Registering HTTP Endpoint: (POST) /machine/shutdown
2022-12-27 12:18:19,538 [websockets.py:register_api_handler()] - Registering Websocket JSON-RPC methods: machine.shutdown
2022-12-27 12:18:19,539 [app.py:register_local_handler()] - Registering HTTP Endpoint: (POST) /machine/services/restart
2022-12-27 12:18:19,543 [websockets.py:register_api_handler()] - Registering Websocket JSON-RPC methods: machine.services.restart
2022-12-27 12:18:19,543 [app.py:register_local_handler()] - Registering HTTP Endpoint: (POST) /machine/services/stop
2022-12-27 12:18:19,544 [websockets.py:register_api_handler()] - Registering Websocket JSON-RPC methods: machine.services.stop
2022-12-27 12:18:19,545 [app.py:register_local_handler()] - Registering HTTP Endpoint: (POST) /machine/services/start
2022-12-27 12:18:19,546 [websockets.py:register_api_handler()] - Registering Websocket JSON-RPC methods: machine.services.start
2022-12-27 12:18:19,546 [app.py:register_local_handler()] - Registering HTTP Endpoint: (GET) /machine/system_info
2022-12-27 12:18:19,547 [websockets.py:register_api_handler()] - Registering Websocket JSON-RPC methods: machine.system_info
2022-12-27 12:18:19,548 [app.py:register_local_handler()] - Registering HTTP Endpoint: (GET) /machine/sudo/info
2022-12-27 12:18:19,549 [websockets.py:register_api_handler()] - Registering Websocket JSON-RPC methods: machine.sudo.info
2022-12-27 12:18:19,549 [app.py:register_local_handler()] - Registering HTTP Endpoint: (POST) /machine/sudo/password
2022-12-27 12:18:19,550 [websockets.py:register_api_handler()] - Registering Websocket JSON-RPC methods: machine.sudo.password
2022-12-27 12:18:19,552 [moonraker.py:load_component()] - Component (machine) loaded
2022-12-27 12:18:19,558 [app.py:register_local_handler()] - Registering HTTP Endpoint: (GET) /server/temperature_store
2022-12-27 12:18:19,559 [websockets.py:register_api_handler()] - Registering Websocket JSON-RPC methods: server.temperature_store
2022-12-27 12:18:19,560 [app.py:register_local_handler()] - Registering HTTP Endpoint: (GET) /server/gcode_store
2022-12-27 12:18:19,561 [websockets.py:register_api_handler()] - Registering Websocket JSON-RPC methods: server.gcode_store
2022-12-27 12:18:19,561 [moonraker.py:load_component()] - Component (data_store) loaded
2022-12-27 12:18:19,568 [proc_stats.py:__init__()] - Detected 'vcgencmd', throttle checking enabled
2022-12-27 12:18:19,569 [app.py:register_local_handler()] - Registering HTTP Endpoint: (GET) /machine/proc_stats
2022-12-27 12:18:19,570 [websockets.py:register_api_handler()] - Registering Websocket JSON-RPC methods: machine.proc_stats
2022-12-27 12:18:19,571 [moonraker.py:load_component()] - Component (proc_stats) loaded
2022-12-27 12:18:19,575 [moonraker.py:load_component()] - Component (job_state) loaded
2022-12-27 12:18:19,581 [app.py:register_local_handler()] - Registering HTTP Endpoint: (POST DELETE) /server/job_queue/job
2022-12-27 12:18:19,582 [websockets.py:register_api_handler()] - Registering Websocket JSON-RPC methods: server.job_queue.post_job, server.job_queue.delete_job
2022-12-27 12:18:19,583 [app.py:register_local_handler()] - Registering HTTP Endpoint: (POST) /server/job_queue/pause
2022-12-27 12:18:19,584 [websockets.py:register_api_handler()] - Registering Websocket JSON-RPC methods: server.job_queue.pause
2022-12-27 12:18:19,584 [app.py:register_local_handler()] - Registering HTTP Endpoint: (POST) /server/job_queue/start
2022-12-27 12:18:19,585 [websockets.py:register_api_handler()] - Registering Websocket JSON-RPC methods: server.job_queue.start
2022-12-27 12:18:19,585 [app.py:register_local_handler()] - Registering HTTP Endpoint: (GET) /server/job_queue/status
2022-12-27 12:18:19,587 [websockets.py:register_api_handler()] - Registering Websocket JSON-RPC methods: server.job_queue.status
2022-12-27 12:18:19,587 [app.py:register_local_handler()] - Registering HTTP Endpoint: (POST) /server/job_queue/jump
2022-12-27 12:18:19,588 [websockets.py:register_api_handler()] - Registering Websocket JSON-RPC methods: server.job_queue.jump
2022-12-27 12:18:19,589 [moonraker.py:load_component()] - Component (job_queue) loaded
2022-12-27 12:18:19,609 [moonraker.py:load_component()] - Component (http_client) loaded
2022-12-27 12:18:19,617 [app.py:register_local_handler()] - Registering HTTP Endpoint: (GET) /server/announcements/list
2022-12-27 12:18:19,618 [websockets.py:register_api_handler()] - Registering Websocket JSON-RPC methods: server.announcements.list
2022-12-27 12:18:19,618 [app.py:register_local_handler()] - Registering HTTP Endpoint: (POST) /server/announcements/dismiss
2022-12-27 12:18:19,620 [websockets.py:register_api_handler()] - Registering Websocket JSON-RPC methods: server.announcements.dismiss
2022-12-27 12:18:19,620 [app.py:register_local_handler()] - Registering HTTP Endpoint: (POST) /server/announcements/update
2022-12-27 12:18:19,621 [websockets.py:register_api_handler()] - Registering Websocket JSON-RPC methods: server.announcements.update
2022-12-27 12:18:19,621 [app.py:register_local_handler()] - Registering HTTP Endpoint: (POST DELETE) /server/announcements/feed
2022-12-27 12:18:19,623 [websockets.py:register_api_handler()] - Registering Websocket JSON-RPC methods: server.announcements.post_feed, server.announcements.delete_feed
2022-12-27 12:18:19,623 [app.py:register_local_handler()] - Registering HTTP Endpoint: (GET) /server/announcements/feeds
2022-12-27 12:18:19,624 [websockets.py:register_api_handler()] - Registering Websocket JSON-RPC methods: server.announcements.feeds
2022-12-27 12:18:19,624 [moonraker.py:load_component()] - Component (announcements) loaded
2022-12-27 12:18:19,641 [app.py:register_local_handler()] - Registering HTTP Endpoint: (GET) /server/webcams/list
2022-12-27 12:18:19,643 [websockets.py:register_api_handler()] - Registering Websocket JSON-RPC methods: server.webcams.list
2022-12-27 12:18:19,643 [app.py:register_local_handler()] - Registering HTTP Endpoint: (GET POST DELETE) /server/webcams/item
2022-12-27 12:18:19,644 [websockets.py:register_api_handler()] - Registering Websocket JSON-RPC methods: server.webcams.get_item, server.webcams.post_item, server.webcams.delete_item
2022-12-27 12:18:19,644 [app.py:register_local_handler()] - Registering HTTP Endpoint: (POST) /server/webcams/test
2022-12-27 12:18:19,645 [websockets.py:register_api_handler()] - Registering Websocket JSON-RPC methods: server.webcams.test
2022-12-27 12:18:19,645 [moonraker.py:load_component()] - Component (webcam) loaded
2022-12-27 12:18:19,653 [websockets.py:register_api_handler()] - Registering Websocket JSON-RPC methods: connection.send_event
2022-12-27 12:18:19,655 [app.py:register_local_handler()] - Registering HTTP Endpoint: (GET) /server/extensions/list
2022-12-27 12:18:19,656 [websockets.py:register_api_handler()] - Registering Websocket JSON-RPC methods: server.extensions.list
2022-12-27 12:18:19,656 [app.py:register_local_handler()] - Registering HTTP Endpoint: (POST) /server/extensions/request
2022-12-27 12:18:19,657 [websockets.py:register_api_handler()] - Registering Websocket JSON-RPC methods: server.extensions.request
2022-12-27 12:18:19,657 [moonraker.py:load_component()] - Component (extensions) loaded
2022-12-27 12:18:19,705 [authorization.py:__init__()] - Authorization Configuration Loaded
Trusted Clients:
10.0.0.0/8
127.0.0.0/8
169.254.0.0/16
172.16.0.0/12
192.168.0.0/16
fe80::/10
::1/128
CORS Domains:
http://.*\.lan
http://.*\.local
https://my\.mainsail\.xyz
http://my\.mainsail\.xyz
https://app\.fluidd\.xyz
http://app\.fluidd\.xyz
2022-12-27 12:18:19,705 [app.py:register_local_handler()] - Registering HTTP Endpoint: (POST) /access/login
2022-12-27 12:18:19,706 [app.py:register_local_handler()] - Registering HTTP Endpoint: (POST) /access/logout
2022-12-27 12:18:19,707 [app.py:register_local_handler()] - Registering HTTP Endpoint: (POST) /access/refresh_jwt
2022-12-27 12:18:19,708 [app.py:register_local_handler()] - Registering HTTP Endpoint: (GET POST DELETE) /access/user
2022-12-27 12:18:19,709 [app.py:register_local_handler()] - Registering HTTP Endpoint: (GET) /access/users/list
2022-12-27 12:18:19,710 [app.py:register_local_handler()] - Registering HTTP Endpoint: (POST) /access/user/password
2022-12-27 12:18:19,711 [app.py:register_local_handler()] - Registering HTTP Endpoint: (GET POST) /access/api_key
2022-12-27 12:18:19,712 [app.py:register_local_handler()] - Registering HTTP Endpoint: (GET) /access/oneshot_token
2022-12-27 12:18:19,713 [app.py:register_local_handler()] - Registering HTTP Endpoint: (GET) /access/info
2022-12-27 12:18:19,714 [moonraker.py:load_component()] - Component (authorization) loaded
2022-12-27 12:18:19,721 [app.py:register_local_handler()] - Registering HTTP Endpoint: (GET) /api/version
2022-12-27 12:18:19,722 [app.py:register_local_handler()] - Registering HTTP Endpoint: (GET) /api/server
2022-12-27 12:18:19,723 [app.py:register_local_handler()] - Registering HTTP Endpoint: (POST) /api/login
2022-12-27 12:18:19,725 [app.py:register_local_handler()] - Registering HTTP Endpoint: (GET) /api/currentuser
2022-12-27 12:18:19,726 [app.py:register_local_handler()] - Registering HTTP Endpoint: (GET) /api/settings
2022-12-27 12:18:19,727 [app.py:register_local_handler()] - Registering HTTP Endpoint: (GET) /api/job
2022-12-27 12:18:19,728 [app.py:register_local_handler()] - Registering HTTP Endpoint: (GET) /api/printer
2022-12-27 12:18:19,730 [app.py:register_local_handler()] - Registering HTTP Endpoint: (POST) /api/printer/command
2022-12-27 12:18:19,731 [app.py:register_local_handler()] - Registering HTTP Endpoint: (GET) /api/printerprofiles
2022-12-27 12:18:19,733 [app.py:register_local_handler()] - Registering HTTP Endpoint: (POST) /api/files/moonraker/(?P<relative_path>.+)
2022-12-27 12:18:19,735 [moonraker.py:load_component()] - Component (octoprint_compat) loaded
2022-12-27 12:18:19,744 [app.py:register_local_handler()] - Registering HTTP Endpoint: (GET DELETE) /server/history/job
2022-12-27 12:18:19,746 [websockets.py:register_api_handler()] - Registering Websocket JSON-RPC methods: server.history.get_job, server.history.delete_job
2022-12-27 12:18:19,746 [app.py:register_local_handler()] - Registering HTTP Endpoint: (GET) /server/history/list
2022-12-27 12:18:19,747 [websockets.py:register_api_handler()] - Registering Websocket JSON-RPC methods: server.history.list
2022-12-27 12:18:19,747 [app.py:register_local_handler()] - Registering HTTP Endpoint: (GET) /server/history/totals
2022-12-27 12:18:19,748 [websockets.py:register_api_handler()] - Registering Websocket JSON-RPC methods: server.history.totals
2022-12-27 12:18:19,748 [app.py:register_local_handler()] - Registering HTTP Endpoint: (POST) /server/history/reset_totals
2022-12-27 12:18:19,750 [websockets.py:register_api_handler()] - Registering Websocket JSON-RPC methods: server.history.reset_totals
2022-12-27 12:18:19,751 [moonraker.py:load_component()] - Component (history) loaded
2022-12-27 12:18:19,870 [app.py:register_local_handler()] - Registering HTTP Endpoint: (POST) /machine/update/moonraker
2022-12-27 12:18:19,872 [websockets.py:register_api_handler()] - Registering Websocket JSON-RPC methods: machine.update.moonraker
2022-12-27 12:18:19,872 [app.py:register_local_handler()] - Registering HTTP Endpoint: (POST) /machine/update/klipper
2022-12-27 12:18:19,873 [websockets.py:register_api_handler()] - Registering Websocket JSON-RPC methods: machine.update.klipper
2022-12-27 12:18:19,873 [app.py:register_local_handler()] - Registering HTTP Endpoint: (POST) /machine/update/system
2022-12-27 12:18:19,874 [websockets.py:register_api_handler()] - Registering Websocket JSON-RPC methods: machine.update.system
2022-12-27 12:18:19,875 [app.py:register_local_handler()] - Registering HTTP Endpoint: (POST) /machine/update/client
2022-12-27 12:18:19,876 [websockets.py:register_api_handler()] - Registering Websocket JSON-RPC methods: machine.update.client
2022-12-27 12:18:19,876 [app.py:register_local_handler()] - Registering HTTP Endpoint: (POST) /machine/update/full
2022-12-27 12:18:19,878 [websockets.py:register_api_handler()] - Registering Websocket JSON-RPC methods: machine.update.full
2022-12-27 12:18:19,878 [app.py:register_local_handler()] - Registering HTTP Endpoint: (GET) /machine/update/status
2022-12-27 12:18:19,879 [websockets.py:register_api_handler()] - Registering Websocket JSON-RPC methods: machine.update.status
2022-12-27 12:18:19,879 [app.py:register_local_handler()] - Registering HTTP Endpoint: (POST) /machine/update/recover
2022-12-27 12:18:19,880 [websockets.py:register_api_handler()] - Registering Websocket JSON-RPC methods: machine.update.recover
2022-12-27 12:18:19,881 [moonraker.py:load_component()] - Component (update_manager) loaded
2022-12-27 12:18:19,904 [moonraker.py:_initialize_component()] - Performing Component Post Init: [dbus_manager]
2022-12-27 12:18:19,931 [moonraker.py:_initialize_component()] - Performing Component Post Init: [file_manager]
2022-12-27 12:18:19,967 [moonraker.py:_initialize_component()] - Performing Component Post Init: [machine]
2022-12-27 12:18:19,968 [machine.py:validation_init()] - Installation version in database up to date
2022-12-27 12:18:20,372 [machine.py:check_virt_status()] - No Virtualization Detected
2022-12-27 12:18:20,395 [machine.py:_find_public_ip()] - Detected Local IP: 192.168.6.8
2022-12-27 12:18:20,400 [webcam.py:_set_default_host_ip()] - Default public webcam address set: http://192.168.6.8
2022-12-27 12:18:20,605 [moonraker.py:add_log_rollover_item()] - 
Systemd unit moonraker.service:
unit_name: moonraker.service
is_default: True
Properties:
**Requires=['sysinit.target', '-.mount', 'system.slice', 'network-online.target']
**After=['sysinit.target', 'basic.target', 'network-online.target', '-.mount', 'system.slice', 'systemd-journald.socket']
**SupplementaryGroups=['moonraker-admin']
**EnvironmentFiles=/home/pi/printer_data/systemd/moonraker.env
**ExecStart=/home/pi/moonraker-env/bin/python $MOONRAKER_ARGS
**WorkingDirectory=/home/pi/moonraker
**FragmentPath=/etc/systemd/system/moonraker.service
**Description=API Server for Klipper SV1
**User=pi
2022-12-27 12:18:20,605 [moonraker.py:_initialize_component()] - Performing Component Post Init: [proc_stats]
2022-12-27 12:18:20,605 [moonraker.py:_initialize_component()] - Performing Component Post Init: [announcements]
2022-12-27 12:18:20,609 [moonraker.py:_initialize_component()] - Performing Component Post Init: [webcam]
2022-12-27 12:18:20,609 [webcam.py:_set_default_host_ip()] - Default public webcam address set: http://192.168.6.8
2022-12-27 12:18:20,611 [moonraker.py:_initialize_component()] - Performing Component Post Init: [authorization]
2022-12-27 12:18:20,612 [moonraker.py:_initialize_component()] - Performing Component Post Init: [update_manager]
2022-12-27 12:18:21,549 [update_manager.py:initialize()] - PackageDeploy: Using PackageKit Provider
2022-12-27 12:18:21,551 [update_manager.py:initialize()] - 
Initializing Client Updater: 'fluidd',
Channel: stable
path: /home/pi/fluidd
2022-12-27 12:18:21,558 [extensions.py:start_unix_server()] - Creating Unix Domain Socket at '/home/pi/printer_data/comms/moonraker.sock'
2022-12-27 12:18:21,559 [moonraker.py:start_server()] - Starting Moonraker on (0.0.0.0, 7125), Hostname: voron
2022-12-27 12:18:21,562 [app.py:listen()] - SSL Certificate/Key not configured, aborting HTTPS Server startup
2022-12-27 12:18:21,815 [klippy_connection.py:_do_connect()] - Klippy Connection Established
2022-12-27 12:18:21,904 [moonraker.py:add_log_rollover_item()] - 
Systemd unit klipper.service:
unit_name: klipper.service
is_default: True
Properties:
**Description=Klipper 3D Printer Firmware SV1
**ExecStart=/home/pi/klippy-env/bin/python $KLIPPER_ARGS
**FragmentPath=/etc/systemd/system/klipper.service
2022-12-27 12:18:22,159 [klippy_connection.py:_init_klippy_connection()] - Webhooks Subscribed
2022-12-27 12:18:22,161 [klippy_connection.py:_init_klippy_connection()] - GCode Output Subscribed
2022-12-27 12:18:22,165 [moonraker.py:add_log_rollover_item()] - Klipper Version: v0.11.0-41-g9b60daf6
2022-12-27 12:21:16,232 [machine.py:_find_public_ip()] - Failed to detect local IP address
2022-12-27 12:21:16,236 [webcam.py:_set_default_host_ip()] - Default public webcam address set: http://127.0.0.1
2022-12-27 12:21:26,241 [machine.py:_find_public_ip()] - Detected Local IP: 192.168.6.8
2022-12-27 12:21:26,245 [webcam.py:_set_default_host_ip()] - Default public webcam address set: http://192.168.6.8
2022-12-27 12:21:49,002 [app.py:register_remote_handler()] - Registering HTTP endpoint: (GET POST) /printer/info
2022-12-27 12:21:49,005 [websockets.py:register_api_handler()] - Registering Websocket JSON-RPC methods: printer.info
2022-12-27 12:21:49,005 [app.py:register_remote_handler()] - Registering HTTP endpoint: (GET POST) /printer/emergency_stop
2022-12-27 12:21:49,007 [websockets.py:register_api_handler()] - Registering Websocket JSON-RPC methods: printer.emergency_stop
2022-12-27 12:21:49,007 [app.py:register_remote_handler()] - Registering HTTP endpoint: (GET POST) /printer/gcode/help
2022-12-27 12:21:49,010 [websockets.py:register_api_handler()] - Registering Websocket JSON-RPC methods: printer.gcode.help
2022-12-27 12:21:49,011 [app.py:register_remote_handler()] - Registering HTTP endpoint: (GET POST) /printer/gcode/script
2022-12-27 12:21:49,013 [websockets.py:register_api_handler()] - Registering Websocket JSON-RPC methods: printer.gcode.script
2022-12-27 12:21:49,014 [app.py:register_remote_handler()] - Registering HTTP endpoint: (GET POST) /printer/gcode/restart
2022-12-27 12:21:49,015 [websockets.py:register_api_handler()] - Registering Websocket JSON-RPC methods: printer.gcode.restart
2022-12-27 12:21:49,016 [app.py:register_remote_handler()] - Registering HTTP endpoint: (GET POST) /printer/gcode/firmware_restart
2022-12-27 12:21:49,018 [websockets.py:register_api_handler()] - Registering Websocket JSON-RPC methods: printer.gcode.firmware_restart
2022-12-27 12:21:49,019 [app.py:register_remote_handler()] - Registering HTTP endpoint: (GET POST) /printer/objects/list
2022-12-27 12:21:49,020 [websockets.py:register_api_handler()] - Registering Websocket JSON-RPC methods: printer.objects.list
2022-12-27 12:21:49,021 [app.py:register_remote_handler()] - Registering HTTP endpoint: (GET POST) /printer/objects/query
2022-12-27 12:21:49,022 [websockets.py:register_api_handler()] - Registering Websocket JSON-RPC methods: printer.objects.query
2022-12-27 12:21:49,023 [app.py:register_remote_handler()] - Registering HTTP endpoint: (GET POST) /printer/objects/subscribe
2022-12-27 12:21:49,025 [websockets.py:register_api_handler()] - Registering Websocket JSON-RPC methods: printer.objects.subscribe
2022-12-27 12:21:49,026 [app.py:register_remote_handler()] - Registering HTTP endpoint: (GET POST) /printer/pause_resume/cancel
2022-12-27 12:21:49,028 [websockets.py:register_api_handler()] - Registering Websocket JSON-RPC methods: printer.pause_resume.cancel
2022-12-27 12:21:49,028 [app.py:register_remote_handler()] - Registering HTTP endpoint: (GET POST) /printer/pause_resume/pause
2022-12-27 12:21:49,031 [websockets.py:register_api_handler()] - Registering Websocket JSON-RPC methods: printer.pause_resume.pause
2022-12-27 12:21:49,031 [app.py:register_remote_handler()] - Registering HTTP endpoint: (GET POST) /printer/pause_resume/resume
2022-12-27 12:21:49,033 [websockets.py:register_api_handler()] - Registering Websocket JSON-RPC methods: printer.pause_resume.resume
2022-12-27 12:21:49,033 [app.py:register_remote_handler()] - Registering HTTP endpoint: (GET POST) /printer/motion_report/dump_stepper
2022-12-27 12:21:49,035 [websockets.py:register_api_handler()] - Registering Websocket JSON-RPC methods: printer.motion_report.dump_stepper
2022-12-27 12:21:49,036 [app.py:register_remote_handler()] - Registering HTTP endpoint: (GET POST) /printer/query_endstops/status
2022-12-27 12:21:49,038 [websockets.py:register_api_handler()] - Registering Websocket JSON-RPC methods: printer.query_endstops.status
2022-12-27 12:21:49,040 [klippy_connection.py:_check_ready()] - 
mcu 'mcu': Unable to connect
Once the underlying issue is corrected, use the
"FIRMWARE_RESTART" command to reset the firmware, reload the
config, and restart the host software.
Error configuring printer

2022-12-27 12:22:06,487 [machine.py:_find_public_ip()] - Failed to detect local IP address
2022-12-27 12:22:06,490 [webcam.py:_set_default_host_ip()] - Default public webcam address set: http://127.0.0.1
2022-12-27 12:22:16,284 [machine.py:_find_public_ip()] - Detected Local IP: 192.168.6.8
2022-12-27 12:22:16,286 [webcam.py:_set_default_host_ip()] - Default public webcam address set: http://192.168.6.8
2022-12-27 12:22:53,850 [klippy_connection.py:_on_connection_closed()] - Klippy Connection Removed
2022-12-27 12:22:54,858 [klippy_connection.py:_do_connect()] - Klippy Connection Established
2022-12-27 12:22:56,022 [klippy_connection.py:_init_klippy_connection()] - Webhooks Subscribed
2022-12-27 12:22:56,061 [klippy_connection.py:_init_klippy_connection()] - GCode Output Subscribed
2022-12-27 12:22:57,368 [app.py:register_remote_handler()] - Registering HTTP endpoint: (GET POST) /printer/motion_report/dump_trapq
2022-12-27 12:22:57,370 [websockets.py:register_api_handler()] - Registering Websocket JSON-RPC methods: printer.motion_report.dump_trapq
2022-12-27 12:22:57,527 [job_state.py:_handle_started()] - Job state initialized: standby
2022-12-27 12:22:57,794 [klippy_connection.py:_check_ready()] - Klippy ready
2022-12-27 12:22:58,280 [data_store.py:_init_sensors()] - Configuring available sensors: ['heater_bed', 'extruder']
2022-12-27 12:22:58,788 [authorization.py:_check_trusted_connection()] - Trusted Connection Detected, IP: 192.168.1.7
2022-12-27 12:23:00,914 [app.py:log_request()] - 404 GET /server/database/item?namespace=webcams (192.168.1.7) [_TRUSTED_USER_] 2039.86ms
2022-12-27 12:23:02,420 [app.py:log_request()] - 404 GET /server/database/item?namespace=webcams (192.168.1.7) [_TRUSTED_USER_] 5.79ms
2022-12-27 12:23:02,597 [app.py:log_request()] - 101 GET /websocket?token=KRDXZQ75JTV5RDLBITCIKRPSH26XTUSQ (192.168.1.7) [_TRUSTED_USER_] 4.26ms
2022-12-27 12:23:02,598 [websockets.py:open()] - Websocket Opened: ID: 547826119680, Proxied: True, User Agent: Mozilla/5.0 (Windows NT 10.0; Win64; x64; rv:108.0) Gecko/20100101 Firefox/108.0, Host Name: 192.168.6.8
2022-12-27 12:23:02,612 [websockets.py:_handle_identify()] - Websocket 547826119680 Client Identified - Name: fluidd, Version: 1.22.2-ca7234d, Type: web
2022-12-27 12:23:02,613 [file_manager.py:get_file_list()] - Updating File List <config>...
2022-12-27 12:33:15,441 [authorization.py:_check_trusted_connection()] - Trusted Connection Detected, IP: 192.168.3.7
2022-12-27 12:33:15,595 [app.py:log_request()] - 404 GET /server/database/item?namespace=webcams (192.168.3.7) [_TRUSTED_USER_] 15.98ms
2022-12-27 12:33:16,010 [app.py:log_request()] - 101 GET /websocket?token=2QS226AYWNIOBAYXDPOSMJWILLDTVV3J (192.168.3.7) [_TRUSTED_USER_] 11.47ms
2022-12-27 12:33:16,011 [websockets.py:open()] - Websocket Opened: ID: 547825009088, Proxied: True, User Agent: Mozilla/5.0 (Android 13; Mobile; rv:108.0) Gecko/108.0 Firefox/108.0, Host Name: 192.168.6.8
2022-12-27 12:33:16,038 [websockets.py:_handle_identify()] - Websocket 547825009088 Client Identified - Name: fluidd, Version: 1.22.2-ca7234d, Type: web
2022-12-27 12:33:16,040 [file_manager.py:get_file_list()] - Updating File List <config>...
2022-12-27 12:36:47,771 [websockets.py:on_close()] - Websocket Closed: ID: 547825009088 Close Code: None, Close Reason: None, Pong Time Elapsed: 1.71
2022-12-27 12:37:39,991 [app.py:log_request()] - 101 GET /websocket?token=5EQYLMEL23Q2NGH6O4LZGU7HXISWDGKJ (192.168.3.7) [_TRUSTED_USER_] 6.95ms
2022-12-27 12:37:39,993 [websockets.py:open()] - Websocket Opened: ID: 547825012016, Proxied: True, User Agent: Mozilla/5.0 (Android 13; Mobile; rv:108.0) Gecko/108.0 Firefox/108.0, Host Name: 192.168.6.8
2022-12-27 12:37:40,023 [websockets.py:_handle_identify()] - Websocket 547825012016 Client Identified - Name: fluidd, Version: 1.22.2-ca7234d, Type: web
2022-12-27 12:37:40,024 [file_manager.py:get_file_list()] - Updating File List <config>...
2022-12-27 12:41:05,983 [klippy_connection.py:_on_connection_closed()] - Klippy Connection Removed
2022-12-27 12:41:06,032 [websockets.py:build_error()] - JSON-RPC Request Error: 503
Klippy Host not connected
Traceback (most recent call last):
  File "/home/pi/moonraker/moonraker/websockets.py", line 253, in execute_method
    result = await callback(params)
  File "/home/pi/moonraker/moonraker/websockets.py", line 349, in func
    result = await self.klippy.request(
  File "/home/pi/moonraker/moonraker/klippy_connection.py", line 471, in request
    raise ServerError("Klippy Host not connected", 503)
utils.ServerError: Klippy Host not connected
2022-12-27 12:41:06,645 [websockets.py:build_error()] - JSON-RPC Request Error: 503
Klippy Host not connected
Traceback (most recent call last):
  File "/home/pi/moonraker/moonraker/websockets.py", line 253, in execute_method
    result = await callback(params)
  File "/home/pi/moonraker/moonraker/websockets.py", line 349, in func
    result = await self.klippy.request(
  File "/home/pi/moonraker/moonraker/klippy_connection.py", line 471, in request
    raise ServerError("Klippy Host not connected", 503)
utils.ServerError: Klippy Host not connected
2022-12-27 12:41:07,257 [klippy_connection.py:_do_connect()] - Klippy Connection Established
2022-12-27 12:41:08,006 [klippy_connection.py:_init_klippy_connection()] - Webhooks Subscribed
2022-12-27 12:41:08,014 [klippy_connection.py:_init_klippy_connection()] - GCode Output Subscribed
2022-12-27 12:41:14,524 [job_state.py:_handle_started()] - Job state initialized: standby
2022-12-27 12:41:14,790 [klippy_connection.py:_check_ready()] - Klippy ready
2022-12-27 12:41:15,277 [data_store.py:_init_sensors()] - Configuring available sensors: ['heater_bed', 'extruder']
2022-12-27 12:47:31,445 [websockets.py:on_close()] - Websocket Closed: ID: 547825012016 Close Code: 1001, Close Reason: Child was killed, Pong Time Elapsed: 1.44
2022-12-27 12:48:00,665 [app.py:log_request()] - 404 GET /server/database/item?namespace=webcams (192.168.3.7) [_TRUSTED_USER_] 9.67ms
2022-12-27 12:48:01,048 [app.py:log_request()] - 101 GET /websocket?token=DDXHIHA7S66PDPRHKIA2JRU3TAKRQ2EJ (192.168.3.7) [_TRUSTED_USER_] 6.19ms
2022-12-27 12:48:01,050 [websockets.py:open()] - Websocket Opened: ID: 547816284992, Proxied: True, User Agent: Mozilla/5.0 (Android 13; Mobile; rv:108.0) Gecko/108.0 Firefox/108.0, Host Name: 192.168.6.8
2022-12-27 12:48:01,107 [websockets.py:_handle_identify()] - Websocket 547816284992 Client Identified - Name: fluidd, Version: 1.22.2-ca7234d, Type: web
2022-12-27 12:48:01,109 [file_manager.py:get_file_list()] - Updating File List <config>...
2022-12-27 12:52:31,261 [websockets.py:on_close()] - Websocket Closed: ID: 547816284992 Close Code: None, Close Reason: None, Pong Time Elapsed: 0.16
